C51 COMPILER V9.51   ENCODAGE_POINTEUR_LUM                                                 05/24/2018 14:45:11 PAGE 1   


C51 COMPILER V9.51, COMPILATION OF MODULE ENCODAGE_POINTEUR_LUM
OBJECT MODULE PLACED IN Encodage_Pointeur_lum.obj
COMPILER INVOKED BY: C:\Keil\C51\BIN\C51.exe Src\Encodage_Pointeur_lum.c LARGE BROWSE DEBUG OBJECTEXTEND PRINT(.\Encodag
                    -e_Pointeur_lum.lst) TABS(2) OBJECT(Encodage_Pointeur_lum.obj)

line level    source

   1          #include <c8051f020.h>
   2          #include "FO_M1_Structures_COMMANDES_INFORMATIONS_CentraleDeCommande.h"
   3          #include "UART0_RingBuffer_lib.h"
   4          #include <string.h>
   5          #include "Transmission_SPI.h"
   6          #include "Lien_Structure_commande.h"
   7          #include "Encodage_Pointeur_lum.h"
   8          
   9          void pointeur_lum(struct COMMANDES com){
  10   1        char rep[4]=0;
  11   1        unsigned char commande_SPI = 0xD2;
  12   1        unsigned char taille_trame = 4;
  13   1      
  14   1        rep[0] = com.Lumiere_Intensite;
  15   1        rep[1] = com.Lumiere_Duree;
  16   1        rep[2] = com.Lumiere_Extinction;
  17   1        rep[3] = com.Lumiere_Nbre;
  18   1      
  19   1        echange_trame(rep,taille_trame,commande_SPI);
  20   1        tempo_emiss();
  21   1      }


MODULE INFORMATION:   STATIC OVERLAYABLE
   CODE SIZE        =     74    ----
   CONSTANT SIZE    =      4    ----
   XDATA SIZE       =   ----      42
   PDATA SIZE       =   ----    ----
   DATA SIZE        =   ----    ----
   IDATA SIZE       =   ----    ----
   BIT SIZE         =   ----    ----
END OF MODULE INFORMATION.


C51 COMPILATION COMPLETE.  0 WARNING(S),  0 ERROR(S)
