C51 COMPILER V9.51   SERVOMOTEUR_HORIZONTAL                                                05/18/2018 10:57:14 PAGE 1   


C51 COMPILER V9.51, COMPILATION OF MODULE SERVOMOTEUR_HORIZONTAL
OBJECT MODULE PLACED IN Servomoteur_Horizontal.obj
COMPILER INVOKED BY: C:\Keil\C51\BIN\C51.exe Src\Servomoteur_Horizontal.c LARGE BROWSE DEBUG OBJECTEXTEND PRINT(.\Servom
                    -oteur_Horizontal.lst) TABS(2) OBJECT(Servomoteur_Horizontal.obj)

line level    source

   1          #include <c8051f020.h>
   2          #include <math.h>
   3          #include <stdio.h>
   4          #include <intrins.h>
   5          
   6          #include "Servomoteur_Horizontal.h"
   7          
   8          #define SYSCLK 22118400L
   9          
  10          
  11          signed int CDE_Servo_H(signed int Angle){
  12   1        // Déclaration des variables
  13   1        int rech_int , i=0;
  14   1        float temps_imp;
  15   1        
  16   1        temps_imp = 0.01*Angle + 1.5; //Temps de l'impulsion en ms
  17   1        rech_int = ceil(65535 - temps_imp*0.001*SYSCLK/12);
  18   1        TR2 = 0; //Timer2 désactivé
  19   1        
  20   1        //Programmation des registres de rechargement 
  21   1        RCAP2L = rech_int ;
  22   1        RCAP2H = rech_int >> 8;
  23   1        
  24   1        TR2 = 1; //Timer2 activé
  25   1        /*while(i < 50){
  26   1          if (TF2 == 1){
  27   1            i++;
  28   1          }
  29   1        }Commenté pour les tests au simulateur */
  30   1        TR2 = 0; //Timer2 désactivé pour le servomoteur horizontal
  31   1        
  32   1        return Angle;
  33   1      }


MODULE INFORMATION:   STATIC OVERLAYABLE
   CODE SIZE        =    129    ----
   CONSTANT SIZE    =   ----    ----
   XDATA SIZE       =   ----       8
   PDATA SIZE       =   ----    ----
   DATA SIZE        =   ----    ----
   IDATA SIZE       =   ----    ----
   BIT SIZE         =   ----    ----
END OF MODULE INFORMATION.


C51 COMPILATION COMPLETE.  0 WARNING(S),  0 ERROR(S)
