C51 COMPILER V9.52.0.0   SON_SONORE                                                        05/15/2018 17:33:30 PAGE 1   


C51 COMPILER V9.52.0.0, COMPILATION OF MODULE SON_SONORE
OBJECT MODULE PLACED IN son_sonore.OBJ
COMPILER INVOKED BY: C:\Keil\C51\BIN\C51.EXE son_sonore.c LARGE BROWSE DEBUG OBJECTEXTEND TABS(2)

line level    source

   1          #include <c8051f020.h>
   2          #include "FO_M1_Structures_COMMANDES_INFORMATIONS_CentraleDeCommande.h"
   3          #include "UART0_RingBuffer_lib.h"
   4          #include <string.h> 
   5          #include "Servomoteur_horizontal.h"
   6          #include "Transmission_SPI.h"
   7          #include "Lien_Structure_commande.h"
   8          #include "son_sonore.h"
   9          
  10          void son_sonore(struct COMMANDES com){
  11   1        char rep[4]=0;
  12   1        unsigned char commande_SPI = 0x00;
  13   1        unsigned char taille_trame = 4;
  14   1      
  15   1        commande_SPI = 0xD1;
  16   1        rep[0] = echange_octet(com.frequence);
  17   1        rep[1] = echange_octet(com.duree_son);
  18   1        rep[2] = echange_octet(com.duree_silence);
  19   1        rep[3] = echange_octet(com.nombre_Bips);
  20   1        
  21   1        echange_trame(rep,taille_trame,commande_SPI);
  22   1        tempo_emiss(); 
  23   1      }


MODULE INFORMATION:   STATIC OVERLAYABLE
   CODE SIZE        =    111    ----
   CONSTANT SIZE    =      4    ----
   XDATA SIZE       =   ----      40
   PDATA SIZE       =   ----    ----
   DATA SIZE        =   ----    ----
   IDATA SIZE       =   ----    ----
   BIT SIZE         =   ----    ----
END OF MODULE INFORMATION.


C51 COMPILATION COMPLETE.  0 WARNING(S),  0 ERROR(S)
