C51 COMPILER V9.51   TRANSMISSION_SPID                                                     05/18/2018 09:05:07 PAGE 1   


C51 COMPILER V9.51, COMPILATION OF MODULE TRANSMISSION_SPID
OBJECT MODULE PLACED IN Transmission_SPId.obj
COMPILER INVOKED BY: C:\Keil\C51\BIN\C51.exe Src\Transmission_SPId.c LARGE BROWSE DEBUG OBJECTEXTEND PRINT(.\Transmissio
                    -n_SPId.lst) TABS(2) OBJECT(Transmission_SPId.obj)

line level    source

   1          #include <c8051f020.h>
   2          #include <intrins.h>
   3          #include <string.h>
   4          
   5          #include "Transmission_SPI.h"
   6          #include "Declarations_GPIO.h"
   7          
   8          #define SYSCLK 22118400L
   9          
  10          
  11          void trame_emise(unsigned char trame)
  12          {
  13   1        unsigned int i;
  14   1        for (i = 0; i<65000;i++);
  15   1        
  16   1        SPIF = 0;
  17   1        NSS_slave = 0;
  18   1        SPI0DAT = trame; // données envoyées
  19   1      
  20   1        while(SPIF == 0){}
  21   1        
  22   1        NSS_slave = 1;  
  23   1        SPIF = 0;
  24   1      }
  25          
  26          
  27          unsigned char trame_recue(void){
  28   1          unsigned char ret;
  29   1          
  30   1          return ret = SPI0DAT; 
  31   1      }
  32          
  33          // Fonction à modifier !!!
  34          void debut_trame(void)
  35          {
*** ERROR C236 IN LINE 35 OF Src\Transmission_SPId.c: '_debut_trame': different length of parameter lists
  36   1        //0xD1 : Cortex M4 ; 0xD2 : Pointeur lumineux  
  37   1        //0xD3 : Servomoteur vertical ; 0xD4 : Prise de vue ; 0xD5 : FPGA
  38   1        trame_emise(0xD3);
  39   1        trame_emise(0xD3);
  40   1      
  41   1      }
  42          
  43          
  44          unsigned char echange_octet(unsigned char octet)
  45          {
  46   1        unsigned char ret;
  47   1        trame_emise(octet);
  48   1        ret = trame_recue();
  49   1        
  50   1        return ret;
  51   1      
  52   1      }
  53          
C51 COMPILER V9.51   TRANSMISSION_SPID                                                     05/18/2018 09:05:07 PAGE 2   

  54          void fin_trame(void)
  55          { 
  56   1        trame_emise(0xFF);
  57   1        trame_emise(0xFF);
  58   1      }
  59          
  60          void echange_trame()
  61          {
*** ERROR C236 IN LINE 61 OF Src\Transmission_SPId.c: '_echange_trame': different length of parameter lists
  62   1        unsigned char trame[1]= {0x5A};
  63   1        unsigned char rep;
  64   1        unsigned char* p ;
  65   1        int i = sizeof(trame);
  66   1      
  67   1        debut_trame();
  68   1        
  69   1        for (p = trame; i > 0;i--,p++)
  70   1        { 
  71   2          rep = echange_octet(*p);
  72   2      
  73   2        }
  74   1        
  75   1        fin_trame();
  76   1        NSS_slave = 1;
  77   1      
  78   1      }

C51 COMPILATION COMPLETE.  0 WARNING(S),  2 ERROR(S)
