C51 COMPILER V9.51   ULTRASON                                                              05/23/2018 10:33:05 PAGE 1   


C51 COMPILER V9.51, COMPILATION OF MODULE ULTRASON
OBJECT MODULE PLACED IN ultrason.obj
COMPILER INVOKED BY: C:\Keil\C51\BIN\C51.exe Src\ultrason.c LARGE BROWSE DEBUG OBJECTEXTEND PRINT(.\ultrason.lst) TABS(2
                    -) OBJECT(ultrason.obj)

line level    source

   1          #include <c8051f020.h>
   2          #include <intrins.h>
   3          #include <string.h>
   4          
   5          #include "ultrason.h"
   6          #include "Declarations_GPIO.h"
   7          #include "Timers.h"
   8          
   9          #define SYSCLK 22118400L
  10          
  11          
  12          float MES_Dist_AV(void){  
  13   1        float Delta;
  14   1        float TL0_tmp;
  15   1        float TH0_tmp ;
  16   1        float Duree ;
  17   1        float Dist;
  18   1        float Duree2;
  19   1        int i = 0;
  20   1        float RegistreTemp;
  21   1        
  22   1        initialisation_Timer0();
  23   1        Trig_ultrason_av = 1;
  24   1        TL0_tmp = 0;
  25   1        TH0_tmp = 0;
  26   1        
  27   1        while(i<= 5){ // envoie implusion
  28   2          _nop_();
  29   2          i = i + 1;
  30   2        }
  31   1          
  32   1        Trig_ultrason_av = 0;
  33   1        TR0 =1;
  34   1        
  35   1        while(Echo_ultrason_av == 0 && TF0 == 0 ); // si détection rising edge impulstion
  36   1          
  37   1        if(TF0 == 1){
  38   2          Dist = 0;
  39   2        }// overflow    
  40   1        else
  41   1        {
  42   2          TL0_tmp = TL0;
  43   2          TH0_tmp = TH0;
  44   2          while(Echo_ultrason_av == 1){}
  45   2          TR0 = 0; // Stop timer2
  46   2          RegistreTemp =  256.f * (float)TH0_tmp +  (float)TL0_tmp; 
  47   2          Delta =  256.f * (float)TH0 -  (float)TL0;
  48   2          
  49   2          Duree = ((Delta - RegistreTemp ) ) ; // Duree impulsion ECHO en us
  50   2          Duree2 = (float)Duree/22.21184f;
  51   2          Dist = Duree2 / 37.5f;
  52   2          TF0 = 0; 
  53   2        }
  54   1          
C51 COMPILER V9.51   ULTRASON                                                              05/23/2018 10:33:05 PAGE 2   

  55   1        return Dist ; 
  56   1      }
  57          
  58          float MES_Dist_AR(void)
  59          { 
  60   1        float Delta;
  61   1        float TL0_tmp;
  62   1        float TH0_tmp ;
  63   1        float Duree ;
  64   1        float Dist;
  65   1        float Duree2;
  66   1        int i = 0;
  67   1        float RegistreTemp;
  68   1        
  69   1        initialisation_Timer0();
  70   1        Trig_ultrason_ar = 1;
  71   1        TL0_tmp = 0;
  72   1        TH0_tmp = 0;
  73   1        
  74   1        while(i<= 5){ // envoie implusion
  75   2          _nop_();
  76   2          i = i + 1;
  77   2        }
  78   1          
  79   1        Trig_ultrason_ar = 0;
  80   1        TR0 =1;
  81   1        
  82   1        while(Echo_ultrason_ar == 0 && TF0 == 0 ); // si détection rising edge impulstion
  83   1          
  84   1        if(TF0 == 1){
  85   2          Dist = 0;
  86   2        }// overflow    
  87   1        else
  88   1        {
  89   2          TL0_tmp = TL0;
  90   2          TH0_tmp = TH0;
  91   2          while(Echo_ultrason_ar == 1){}
  92   2          TR0 = 0; // Stop timer2
  93   2          RegistreTemp =  256.f * (float)TH0_tmp +  (float)TL0_tmp; 
  94   2          Delta =  256.f * (float)TH0 -  (float)TL0;
  95   2          
  96   2          Duree = ((Delta - RegistreTemp ) ) ; // Duree impulsion ECHO en us
  97   2          Duree2 = (float)Duree/22.21184f;
  98   2          Dist = Duree2 / 37.5f;
  99   2          TF0 = 0; 
 100   2        }
 101   1          
 102   1        return Dist ; 
 103   1      }
 104          
 105          
 106          
 107          
 108          
 109          


MODULE INFORMATION:   STATIC OVERLAYABLE
   CODE SIZE        =    552    ----
   CONSTANT SIZE    =   ----    ----
   XDATA SIZE       =   ----      36
   PDATA SIZE       =   ----    ----
C51 COMPILER V9.51   ULTRASON                                                              05/23/2018 10:33:05 PAGE 3   

   DATA SIZE        =   ----    ----
   IDATA SIZE       =   ----    ----
   BIT SIZE         =   ----    ----
END OF MODULE INFORMATION.


C51 COMPILATION COMPLETE.  0 WARNING(S),  0 ERROR(S)
