C51 COMPILER V9.52.0.0   CONFIG_UART0                                                      05/16/2018 11:56:17 PAGE 1   


C51 COMPILER V9.52.0.0, COMPILATION OF MODULE CONFIG_UART0
OBJECT MODULE PLACED IN Config_UART0.OBJ
COMPILER INVOKED BY: C:\Keil\C51\BIN\C51.EXE Config_UART0.c LARGE BROWSE DEBUG OBJECTEXTEND TABS(2)

line level    source

   1          #include <c8051f020.h>
   2          #include <intrins.h>
   3          
   4          #include "Config_UART0.h"
   5          
   6          
   7          #define SYSCLK 22118400UL
   8          #define Baudrate_UART2 115200UL
   9          
  10          
  11          void Config_Clock_UART0(void){
  12   1        CKCON |= 0x10; //Sélectionne le timer 1
  13   1        TMOD |= 0x20; // Timer 1 configuré en timer 8 bits avec auto-rechargement
  14   1        TMOD &= 0x2f; // idem
  15   1        TL1=0x00; // Non nécessaire
  16   1        TH1= 256UL - SYSCLK/(16UL*Baudrate_UART2) ; // car on a une SYSLCLOCK de 22.1184MHz et un Baud Rate de 11
             -5200 --- 256 - (SYSCLK/BAUDRATE*16)
  17   1        ET1 = 0; //Désactivation des intéruption de Timer1 (Registre IE)
  18   1        TR1 = 1 ; // Registre TCON, activation du timer 1
  19   1      }
  20          
  21          void Config_UART0(void){
  22   1        TCLK0=0; // Utilisation de timer 1 comme source d'horloge (Transmission de la src d'horloge)
  23   1        RCLK0=0; // Réception de la source d'horloge
  24   1        PCON |= 0x80; // SMOD0=1 On ne divise pas le Baud rate de l'uart0 par 2
  25   1        PCON &=0xBF; //SSTAT0=0  Donne l'accès à SM20 - SM000
  26   1        SCON0 = 0x70; // Mode1 (Uart 8 bits) avec le bit 7 à 0 et le 6 à 1 ; Bit 5 à 1 pour checker le bit de sto
             -p ;
  27   1                      // Bit 4 à 1 pour activer la réception de l'UART0
  28   1        TI0=1; //Pour permettre la transmission du 1er caractère
  29   1      }
  30          


MODULE INFORMATION:   STATIC OVERLAYABLE
   CODE SIZE        =     36    ----
   CONSTANT SIZE    =   ----    ----
   XDATA SIZE       =   ----    ----
   PDATA SIZE       =   ----    ----
   DATA SIZE        =   ----    ----
   IDATA SIZE       =   ----    ----
   BIT SIZE         =   ----    ----
END OF MODULE INFORMATION.


C51 COMPILATION COMPLETE.  0 WARNING(S),  0 ERROR(S)
