C51 COMPILER V9.51   CONFIG_SPI                                                            05/25/2018 07:47:02 PAGE 1   


C51 COMPILER V9.51, COMPILATION OF MODULE CONFIG_SPI
OBJECT MODULE PLACED IN Config_SPI.OBJ
COMPILER INVOKED BY: C:\Keil\C51\BIN\C51.exe Config_SPI.c LARGE BROWSE DEBUG OBJECTEXTEND TABS(2)

line level    source

   1          #include <c8051f020.h>
   2          #include <intrins.h>
   3          #include <string.h>
   4          
   5          #include "Config_SPI.h"
   6          #include "Declarations_GPIO.h"
   7          
   8          #define SYSCLK 22118400L
   9          
  10          void Config_SPI_SLAVE(void){
  11   1        //Registre SPI0CN :
  12   1        SPIEN = 0; // Disable SPI
  13   1        MSTEN = 0; // Côté SLAVE
  14   1        RXOVRN = 0; // Si on n'a pas traité le paquet N-1
  15   1        MODF = 0; // Prévenir qu'il y a une collision entre le faite que la carte soit master et que NSS = 0
  16   1        WCOL = 0; // Si on a essayer de lire le registre de réception pendant un transfert de données en cours
  17   1        SPIF = 0; // Flag d'interruption SPI0 
  18   1        //Fin de registre SPI0CN
  19   1        
  20   1        SPI0CFG |= 0x80;
  21   1        
  22   1        SPI0CKR = 0x04; // Fréqeunce de transmission d'environ 200 kHz
  23   1        
  24   1        EIE1 |= 0x01; // Active l'interruption SPIF
  25   1        EIP1 |= 0x01; // Priorité élevée
  26   1        
  27   1        SPI0DAT = 0xEE; //Initialisation du registre de rechargement de la liaison SPI
  28   1        
  29   1        SPIEN = 1; // Enable SPI
  30   1      }


MODULE INFORMATION:   STATIC OVERLAYABLE
   CODE SIZE        =     30    ----
   CONSTANT SIZE    =   ----    ----
   XDATA SIZE       =   ----    ----
   PDATA SIZE       =   ----    ----
   DATA SIZE        =   ----    ----
   IDATA SIZE       =   ----    ----
   BIT SIZE         =   ----    ----
END OF MODULE INFORMATION.


C51 COMPILATION COMPLETE.  0 WARNING(S),  0 ERROR(S)
