C51 COMPILER V9.51   GPIO                                                                  04/19/2018 18:46:46 PAGE 1   


C51 COMPILER V9.51, COMPILATION OF MODULE GPIO
OBJECT MODULE PLACED IN Gpio.OBJ
COMPILER INVOKED BY: C:\Keil\C51\BIN\C51.EXE Gpio.c LARGE BROWSE DEBUG OBJECTEXTEND TABS(2)

line level    source

   1          #include <c8051f020.h>
   2          #include "Config_Globale.h"
   3          #include "Declarations_GPIO.h"
   4          #include <intrins.h>
   5          #include "Gpio.h"
   6          
   7          #define SYSCLK 22118400L
   8          
   9          /*
  10          void Config_GPIO(void)
  11          {
  12            
  13          }
  14          
  15          
  16          void Pulse_P20(void)
  17          {
  18            Decl_PP1 = 1;
  19            _nop_ ();
  20            _nop_ ();
  21            _nop_ ();
  22            _nop_ ();
  23            _nop_ ();
  24            _nop_ ();
  25            _nop_ ();
  26            _nop_ ();
  27            _nop_ ();
  28            _nop_ ();
  29            Decl_PP1 = 0;
  30          }
  31          
  32          void Pulse_P21(void)
  33          {
  34            Decl_PP2 = 1;
  35            _nop_ ();
  36            _nop_ ();
  37            _nop_ ();
  38            _nop_ ();
  39            _nop_ ();
  40            _nop_ ();
  41            _nop_ ();
  42            _nop_ ();
  43            _nop_ ();
  44            _nop_ ();
  45            Decl_PP2 = 0;
  46          }
  47          
  48          
  49          void test_Pulse_LEDs(void)
  50          {
  51            CT1_DCT = 1;
  52            CT2_DCT = 1;
  53            CT3_DCT = 1;
  54            CHG_DCT = 1;
  55            _nop_ ();
C51 COMPILER V9.51   GPIO                                                                  04/19/2018 18:46:46 PAGE 2   

  56            _nop_ ();
  57            _nop_ ();
  58            _nop_ ();
  59            _nop_ ();
  60            _nop_ ();
  61            _nop_ ();
  62            _nop_ ();
  63            _nop_ ();
  64            _nop_ ();
  65            CT1_DCT = 0;
  66            CT2_DCT = 0;
  67            CT3_DCT = 0;
  68            CHG_DCT = 0;
  69          }
  70          
  71          void Demo_GPIO(void)
  72          {
  73            Pulse_P20();
  74            Pulse_P21();
  75            test_Pulse_LEDs();
  76          }*/


MODULE INFORMATION:   STATIC OVERLAYABLE
   CODE SIZE        =   ----    ----
   CONSTANT SIZE    =   ----    ----
   XDATA SIZE       =   ----    ----
   PDATA SIZE       =   ----    ----
   DATA SIZE        =   ----    ----
   IDATA SIZE       =   ----    ----
   BIT SIZE         =   ----    ----
END OF MODULE INFORMATION.


C51 COMPILATION COMPLETE.  0 WARNING(S),  0 ERROR(S)
