C51 COMPILER V9.51   POINTEUR_LUMINEUX                                                     05/24/2018 14:42:42 PAGE 1   


C51 COMPILER V9.51, COMPILATION OF MODULE POINTEUR_LUMINEUX
OBJECT MODULE PLACED IN Pointeur_Lumineux.OBJ
COMPILER INVOKED BY: C:\Keil\C51\BIN\C51.exe Pointeur_Lumineux.c LARGE BROWSE DEBUG OBJECTEXTEND TABS(2)

line level    source

   1          #include <c8051f020.h> 
   2          #include <math.h>
   3          #include <stdio.h>
   4          #include <intrins.h>
   5          
   6          #include "Declarations_GPIO.h"
   7          #include "Pointeur_Lumineux.h"
   8          
   9          
  10          #define SYSCLK 22118400L
  11          
  12          
  13          // Global variables
  14          extern int cpt;
  15          unsigned int duty;
  16          //controle du clignotement du pointeur lumineux
  17          void Lumiere(int intensite, float dureeAllumage, float dureeExtinction, int nombreCycle)
  18          {
  19   1        int i=0;
  20   1      
  21   1        while(i<nombreCycle){
  22   2          
  23   2          cpt=0;
  24   2          Allumage_Pointeur(intensite); // Allumage de la LED 
  25   2          while(cpt*10*0.001<=dureeAllumage/10); // On attend que le Timer3 compte jusqu'à dureeAllumage
  26   2          cpt=0;
  27   2          Allumage_Pointeur(0); // Exctinction de la LED 
  28   2          while(cpt*10*0.01<=dureeExtinction/10); // On attend que le Timer3 compte jusqu'à dureeExtinction
  29   2          i++;
  30   2        }
  31   1      }
  32          
  33          void Allumage_Pointeur (unsigned int intensite){
  34   1        unsigned int duty;
  35   1        
  36   1        duty = 0XFFFF - 0xFFFF*(float)intensite/100;
  37   1      
  38   1        PCA0CPL0 = duty;
  39   1        PCA0CPH0 = duty >> 8;
  40   1      }


MODULE INFORMATION:   STATIC OVERLAYABLE
   CODE SIZE        =    327    ----
   CONSTANT SIZE    =   ----    ----
   XDATA SIZE       =      2      14
   PDATA SIZE       =   ----    ----
   DATA SIZE        =   ----    ----
   IDATA SIZE       =   ----    ----
   BIT SIZE         =   ----    ----
END OF MODULE INFORMATION.


C51 COMPILATION COMPLETE.  0 WARNING(S),  0 ERROR(S)
