C51 COMPILER V9.51   SERVOMOTEUR_VERTICAL                                                  05/05/2018 16:30:10 PAGE 1   


C51 COMPILER V9.51, COMPILATION OF MODULE SERVOMOTEUR_VERTICAL
OBJECT MODULE PLACED IN Servomoteur_Vertical.OBJ
COMPILER INVOKED BY: C:\Keil\C51\BIN\C51.EXE Servomoteur_Vertical.c LARGE BROWSE DEBUG OBJECTEXTEND TABS(2)

line level    source

   1          #include <c8051f020.h>
   2          #include <math.h>
   3          #include <stdio.h>
   4          #include <intrins.h>
   5          
   6          #include "Servomoteur_Vertical.h"
   7          
   8          #define SYSCLK 22118400L
   9          
  10          
  11          
  12          char CDE_Servo_V(unsigned char Angle){
  13   1        //Déclaration des variables
  14   1        int rech_int; 
  15   1        int i=0;
  16   1        float temps_imp;
  17   1        temps_imp = 0.01*Angle + 1.5; //Temps de l'impulsion en ms
  18   1      
  19   1        rech_int = ceil(65535 - temps_imp*0.001*SYSCLK/12);
  20   1        TR2 = 0; //Timer2 désactivé
  21   1        
  22   1        //Programmation des registres de rechargement 
  23   1        RCAP2L = rech_int ;
  24   1        RCAP2H = rech_int >> 8;
  25   1        
  26   1        TR2 = 1; //Timer2 activé
  27   1        while(i < 50){ //Cette boucle permet de laisser le temps au servomoteur de se mettre en position (= 50 in
             -terruptions)
  28   2          if (TF2 == 1){
  29   3            i++;
  30   3          }
  31   2        }
  32   1        TR2 = 0; //Timer2 désactivé pour le servomoteur vertical
  33   1        
  34   1        return Angle;
  35   1      }


MODULE INFORMATION:   STATIC OVERLAYABLE
   CODE SIZE        =    154    ----
   CONSTANT SIZE    =   ----    ----
   XDATA SIZE       =   ----       7
   PDATA SIZE       =   ----    ----
   DATA SIZE        =   ----    ----
   IDATA SIZE       =   ----    ----
   BIT SIZE         =   ----    ----
END OF MODULE INFORMATION.


C51 COMPILATION COMPLETE.  0 WARNING(S),  0 ERROR(S)
