C51 COMPILER V9.51   TRANSMISSION_UART0                                                    05/25/2018 07:47:04 PAGE 1   


C51 COMPILER V9.51, COMPILATION OF MODULE TRANSMISSION_UART0
OBJECT MODULE PLACED IN Transmission_UART0.OBJ
COMPILER INVOKED BY: C:\Keil\C51\BIN\C51.exe Transmission_UART0.c LARGE BROWSE DEBUG OBJECTEXTEND TABS(2)

line level    source

   1          #include <c8051f020.h>
   2          #include <intrins.h>
   3          
   4          #include "Transmission_UART0.h"
   5          
   6          char Putchar(char c, unsigned char csg_tempo){
   7   1        int i=0;
   8   1        
   9   1        do{
  10   2          while (!TI0);
  11   2          if(TI0 == 1){
  12   3            SBUF0=c;
  13   3            TI0=0;
  14   3            return c;
  15   3          }
  16   2          else{
  17   3            for(i=0;i<300;i++){//Temporisation de 100us
  18   4              _nop_ ();
  19   4            }
  20   3            csg_tempo--;
  21   3          }
  22   2        }while(csg_tempo > 0);
  23   1        
  24   1        return 0;
  25   1      }
  26          
  27          
  28          void UART_CortexM4 (unsigned char trame[]){
  29   1        unsigned char rep;
  30   1        unsigned char* p;
  31   1        unsigned char csg_tempo = 100;
  32   1        
  33   1        for (p = trame; p < trame + 7;p=p+2){ 
  34   2          rep = Putchar(*p,csg_tempo);
  35   2        }
  36   1        
  37   1        rep = Putchar(13,csg_tempo); //Envoie de cet octet au CortexM4 pour lui dire que l'on a fini d'émettre
  38   1      }


MODULE INFORMATION:   STATIC OVERLAYABLE
   CODE SIZE        =    142    ----
   CONSTANT SIZE    =   ----    ----
   XDATA SIZE       =   ----       6
   PDATA SIZE       =   ----    ----
   DATA SIZE        =   ----    ----
   IDATA SIZE       =   ----    ----
   BIT SIZE         =   ----    ----
END OF MODULE INFORMATION.


C51 COMPILATION COMPLETE.  0 WARNING(S),  0 ERROR(S)
